1621979179763	geckodriver	INFO	Listening on 127.0.0.1:46843
1621979179767	mozrunner::runner	INFO	Running command: "/usr/bin/firefox" "--marionette" "-foreground" "-no-remote" "-profile" "/tmp/rust_mozprofileeHRlT7"
1621979181010	Marionette	INFO	Marionette enabled
console.warn: SearchSettings: "get: No settings file exists, new profile?" (new Error("", "(unknown module)"))
1621979184103	Marionette	INFO	Listening on port 39481
1621979184223	Marionette	WARN	TLS certificate errors will be ignored for this session
1621979188826	Marionette	INFO	Stopped listening on port 39481
1621979980795	geckodriver	INFO	Listening on 127.0.0.1:49183
1621979981803	mozrunner::runner	INFO	Running command: "/usr/bin/firefox" "--marionette" "-foreground" "-no-remote" "-profile" "/tmp/rust_mozprofilef8OySX"
1621979983116	Marionette	INFO	Marionette enabled
console.warn: SearchSettings: "get: No settings file exists, new profile?" (new Error("", "(unknown module)"))
1621979985271	Marionette	INFO	Listening on port 38169
1621979985351	Marionette	WARN	TLS certificate errors will be ignored for this session
console.warn: LoginRecipes: "getRecipes: falling back to a synchronous message for:" "https://www.amazon.com"
1621980087658	geckodriver	INFO	Listening on 127.0.0.1:33431
1621980087663	mozrunner::runner	INFO	Running command: "/usr/bin/firefox" "--marionette" "-foreground" "-no-remote" "-profile" "/tmp/rust_mozprofile4Vls3o"
1621980088916	Marionette	INFO	Marionette enabled
console.warn: SearchSettings: "get: No settings file exists, new profile?" (new Error("", "(unknown module)"))
1621980090919	Marionette	INFO	Listening on port 45099
1621980091010	Marionette	WARN	TLS certificate errors will be ignored for this session
1621980104896	Marionette	INFO	Stopped listening on port 45099
console.warn: LoginRecipes: "getRecipes: falling back to a synchronous message for:" "https://www.amazon.com"
console.warn: LoginRecipes: "getRecipes: falling back to a synchronous message for:" "https://www.amazon.com"
1621980194773	geckodriver	INFO	Listening on 127.0.0.1:59753
1621980194778	mozrunner::runner	INFO	Running command: "/usr/bin/firefox" "--marionette" "-foreground" "-no-remote" "-profile" "/tmp/rust_mozprofileoaQr6c"
1621980195984	Marionette	INFO	Marionette enabled
console.warn: SearchSettings: "get: No settings file exists, new profile?" (new Error("", "(unknown module)"))
1621980198006	Marionette	INFO	Listening on port 42383
1621980198118	Marionette	WARN	TLS certificate errors will be ignored for this session
1621980212227	Marionette	INFO	Stopped listening on port 42383
IPDL protocol error: Handler returned error code!

###!!! [Parent][DispatchAsyncMessage] Error: PLayerTransaction::Msg_ReleaseLayer Processing error: message was deserialized, but the handler returned false (indicating failure)

IPDL protocol error: Handler returned error code!

###!!! [Parent][DispatchAsyncMessage] Error: PLayerTransaction::Msg_ReleaseLayer Processing error: message was deserialized, but the handler returned false (indicating failure)

IPDL protocol error: Handler returned error code!

###!!! [Parent][DispatchAsyncMessage] Error: PLayerTransaction::Msg_ReleaseLayer Processing error: message was deserialized, but the handler returned false (indicating failure)

IPDL protocol error: Handler returned error code!

###!!! [Parent][DispatchAsyncMessage] Error: PLayerTransaction::Msg_ReleaseLayer Processing error: message was deserialized, but the handler returned false (indicating failure)

IPDL protocol error: Handler returned error code!

###!!! [Parent][DispatchAsyncMessage] Error: PLayerTransaction::Msg_ReleaseLayer Processing error: message was deserialized, but the handler returned false (indicating failure)

IPDL protocol error: Handler returned error code!

###!!! [Parent][DispatchAsyncMessage] Error: PLayerTransaction::Msg_ReleaseLayer Processing error: message was deserialized, but the handler returned false (indicating failure)

1621980255686	Marionette	INFO	Stopped listening on port 38169
1621980257594	geckodriver	INFO	Listening on 127.0.0.1:50879
1621980257600	mozrunner::runner	INFO	Running command: "/usr/bin/firefox" "--marionette" "-foreground" "-no-remote" "-profile" "/tmp/rust_mozprofile1jq1q3"
1621980258890	Marionette	INFO	Marionette enabled
console.warn: SearchSettings: "get: No settings file exists, new profile?" (new Error("", "(unknown module)"))
1621980260947	Marionette	INFO	Listening on port 33217
1621980261052	Marionette	WARN	TLS certificate errors will be ignored for this session
1621980475727	geckodriver	INFO	Listening on 127.0.0.1:48007
1621980475733	mozrunner::runner	INFO	Running command: "/usr/bin/firefox" "--marionette" "-foreground" "-no-remote" "-profile" "/tmp/rust_mozprofileUoGUtq"
1621980477022	Marionette	INFO	Marionette enabled
console.warn: SearchSettings: "get: No settings file exists, new profile?" (new Error("", "(unknown module)"))
1621980479095	Marionette	INFO	Listening on port 41995
1621980479182	Marionette	WARN	TLS certificate errors will be ignored for this session
JavaScript error: https://d15wb6kq5zpbnv.cloudfront.net/main.5ed0be47c997701098bd.js, line 564: AbortError: The fetching process for the media resource was aborted by the user agent at the user's request.

(firefox:10141): Gtk-CRITICAL **: 15:08:28.338: gtk_widget_get_window: assertion 'GTK_IS_WIDGET (widget)' failed

(firefox:10141): Gtk-CRITICAL **: 15:08:28.347: gtk_widget_get_window: assertion 'GTK_IS_WIDGET (widget)' failed
1621980511773	Marionette	INFO	Stopped listening on port 41995

###!!! [Parent][MessageChannel] Error: (msgtype=0x1F0011,name=PBackgroundStorage::Msg_Observe) Channel error: cannot send/recv


###!!! [Parent][MessageChannel] Error: (msgtype=0x1F0011,name=PBackgroundStorage::Msg_Observe) Channel error: cannot send/recv

1621980512523	Marionette	INFO	Stopped listening on port 33217

###!!! [Parent][RunMessage] Error: Channel closing: too late to send/recv, messages will be lost

1621981329900	geckodriver	INFO	Listening on 127.0.0.1:47115
1621981329904	mozrunner::runner	INFO	Running command: "/usr/bin/firefox" "--marionette" "-foreground" "-no-remote" "-profile" "/tmp/rust_mozprofiled9uKh4"
1621981331189	Marionette	INFO	Marionette enabled
console.warn: SearchSettings: "get: No settings file exists, new profile?" (new Error("", "(unknown module)"))
1621981333056	Marionette	INFO	Listening on port 34805
1621981333148	Marionette	WARN	TLS certificate errors will be ignored for this session
JavaScript error: , line 0: NotAllowedError: The request is not allowed by the user agent or the platform in the current context.
JavaScript error: https://d15wb6kq5zpbnv.cloudfront.net/main.5ed0be47c997701098bd.js, line 564: AbortError: The fetching process for the media resource was aborted by the user agent at the user's request.
1621981683870	geckodriver	INFO	Listening on 127.0.0.1:46853
1621981683876	mozrunner::runner	INFO	Running command: "/usr/bin/firefox" "--marionette" "-foreground" "-no-remote" "-profile" "/tmp/rust_mozprofile0oK3of"
1621981685183	Marionette	INFO	Marionette enabled
console.warn: SearchSettings: "get: No settings file exists, new profile?" (new Error("", "(unknown module)"))
1621981688245	Marionette	INFO	Listening on port 46547
1621981688364	Marionette	WARN	TLS certificate errors will be ignored for this session

(firefox:11356): Gtk-CRITICAL **: 15:28:21.721: gtk_widget_get_window: assertion 'GTK_IS_WIDGET (widget)' failed

(firefox:11356): Gtk-CRITICAL **: 15:28:21.896: gtk_widget_get_window: assertion 'GTK_IS_WIDGET (widget)' failed
JavaScript error: https://d15wb6kq5zpbnv.cloudfront.net/main.5ed0be47c997701098bd.js, line 564: AbortError: The fetching process for the media resource was aborted by the user agent at the user's request.
JavaScript error: , line 0: NotSupportedError: The media resource indicated by the src attribute or assigned media provider object was not suitable.
1621981712284	Marionette	INFO	Stopped listening on port 46547
IPDL protocol error: Handler returned error code!

###!!! [Parent][DispatchAsyncMessage] Error: PLayerTransaction::Msg_ReleaseLayer Processing error: message was deserialized, but the handler returned false (indicating failure)

IPDL protocol error: Handler returned error code!

###!!! [Parent][DispatchAsyncMessage] Error: PLayerTransaction::Msg_ReleaseLayer Processing error: message was deserialized, but the handler returned false (indicating failure)

IPDL protocol error: Handler returned error code!

###!!! [Parent][DispatchAsyncMessage] Error: PLayerTransaction::Msg_ReleaseLayer Processing error: message was deserialized, but the handler returned false (indicating failure)

IPDL protocol error: Handler returned error code!

###!!! [Parent][DispatchAsyncMessage] Error: PLayerTransaction::Msg_ReleaseLayer Processing error: message was deserialized, but the handler returned false (indicating failure)

IPDL protocol error: Handler returned error code!

###!!! [Parent][DispatchAsyncMessage] Error: PLayerTransaction::Msg_ReleaseLayer Processing error: message was deserialized, but the handler returned false (indicating failure)

IPDL protocol error: Handler returned error code!

###!!! [Parent][DispatchAsyncMessage] Error: PLayerTransaction::Msg_ReleaseLayer Processing error: message was deserialized, but the handler returned false (indicating failure)

IPDL protocol error: Handler returned error code!

###!!! [Parent][DispatchAsyncMessage] Error: PLayerTransaction::Msg_ReleaseLayer Processing error: message was deserialized, but the handler returned false (indicating failure)

IPDL protocol error: Handler returned error code!

###!!! [Parent][DispatchAsyncMessage] Error: PLayerTransaction::Msg_ReleaseLayer Processing error: message was deserialized, but the handler returned false (indicating failure)

IPDL protocol error: Handler returned error code!

###!!! [Parent][DispatchAsyncMessage] Error: PLayerTransaction::Msg_ReleaseLayer Processing error: message was deserialized, but the handler returned false (indicating failure)

1621982294299	Marionette	INFO	Stopped listening on port 34805
